<?xml version="1.0" encoding="UTF-8"?>
<!-- Generated by org.testng.reporters.JUnitReportReporter -->
<testsuite hostname="CPU-30" name="utlities.MyExcelInt" tests="1" failures="0" timestamp="20 Feb 2017 12:58:42 GMT" time="0.269" errors="0">
  <testcase name="SetExcel" time="0.269" classname="utlities.MyExcelInt"/>
</testsuite> <!-- utlities.MyExcelInt -->
