<?xml version="1.0" encoding="UTF-8"?>
<!-- Generated by org.testng.reporters.JUnitReportReporter -->
<testsuite hostname="CPU-30" name="utlities.MyExcelReader" tests="3" failures="0" timestamp="20 Feb 2017 11:05:31 GMT" time="0.247" errors="0">
  <testcase name="getData" time="0.002" classname="utlities.MyExcelReader"/>
  <testcase name="SetExcel" time="0.234" classname="utlities.MyExcelReader"/>
  <testcase name="getRowCount" time="0.011" classname="utlities.MyExcelReader"/>
</testsuite> <!-- utlities.MyExcelReader -->
